{"name": "test_update_user_job_patch", "status": "failed", "statusDetails": {"message": "AssertionError: assert '2024-09-30 12:44:50.226Z' == '2024-09-30 12:44:50.337392'\n  \n  - 2024-09-30 12:44:50.337392\n  ?                     -----\n  + 2024-09-30 12:44:50.226Z\n  ?                      +++", "trace": "def test_update_user_job_patch():\n        body = {\n            \"name\": \"morpheus\",\n            \"job\": \"zion resident\"\n        }\n        response = httpx.patch(BASE_URL + UPDATE_USER, json=body)\n        assert response.status_code == 200\n    \n        response_json = response.json()\n        date_of_update = response_json['updatedAt'].replace('T', ' ')\n        current_date = str(datetime.datetime.utcnow())\n>       assert date_of_update == current_date\nE       AssertionError: assert '2024-09-30 12:44:50.226Z' == '2024-09-30 12:44:50.337392'\nE         \nE         - 2024-09-30 12:44:50.337392\nE         ?                     -----\nE         + 2024-09-30 12:44:50.226Z\nE         ?                      +++\n\ntests\\update_user_data.py:45: AssertionError"}, "start": 1727700289768, "stop": 1727700290338, "uuid": "3da4e768-519c-45fc-b5c7-17bdcae90206", "historyId": "d81e398c538d95da68c45f2dfe33906a", "testCaseId": "d81e398c538d95da68c45f2dfe33906a", "fullName": "tests.update_user_data#test_update_user_job_patch", "labels": [{"name": "parentSuite", "value": "tests"}, {"name": "suite", "value": "update_user_data"}, {"name": "host", "value": "Jane"}, {"name": "thread", "value": "7484-MainThread"}, {"name": "framework", "value": "pytest"}, {"name": "language", "value": "cpython3"}, {"name": "package", "value": "tests.update_user_data"}]}