{"name": "test_update_user_job_patch", "status": "failed", "statusDetails": {"message": "AssertionError: assert '2024-09-30T12:43:45.954Z' == '2024-09-30 12:43:46.069095'\n  \n  - 2024-09-30 12:43:46.069095\n  ?           ^       ^ ----\n  + 2024-09-30T12:43:45.954Z\n  ?           ^       ^   ++", "trace": "def test_update_user_job_patch():\n        body = {\n            \"name\": \"morpheus\",\n            \"job\": \"zion resident\"\n        }\n        response = httpx.patch(BASE_URL + UPDATE_USER, json=body)\n        assert response.status_code == 200\n    \n        response_json = response.json()\n        date_of_update = response_json['updatedAt']\n        current_date = str(datetime.datetime.utcnow())\n>       assert date_of_update == current_date\nE       AssertionError: assert '2024-09-30T12:43:45.954Z' == '2024-09-30 12:43:46.069095'\nE         \nE         - 2024-09-30 12:43:46.069095\nE         ?           ^       ^ ----\nE         + 2024-09-30T12:43:45.954Z\nE         ?           ^       ^   ++\n\ntests\\update_user_data.py:45: AssertionError"}, "start": 1727700224368, "stop": 1727700226071, "uuid": "81f968c4-ca12-4e8a-a72c-c0b6f545eed6", "historyId": "d81e398c538d95da68c45f2dfe33906a", "testCaseId": "d81e398c538d95da68c45f2dfe33906a", "fullName": "tests.update_user_data#test_update_user_job_patch", "labels": [{"name": "parentSuite", "value": "tests"}, {"name": "suite", "value": "update_user_data"}, {"name": "host", "value": "Jane"}, {"name": "thread", "value": "17204-MainThread"}, {"name": "framework", "value": "pytest"}, {"name": "language", "value": "cpython3"}, {"name": "package", "value": "tests.update_user_data"}]}