{"name": "test_update_user_job_patch", "status": "failed", "statusDetails": {"message": "AssertionError: assert '2024-09-30T12:40:15.438Z' == datetime.datetime(2024, 9, 30, 12, 40, 15, 572699)", "trace": "def test_update_user_job_patch():\n        body = {\n            \"name\": \"morpheus\",\n            \"job\": \"zion resident\"\n        }\n        response = httpx.patch(BASE_URL + UPDATE_USER, json=body)\n        assert response.status_code == 200\n    \n        response_json = response.json()\n        date_of_update = response_json['updatedAt']\n        current_date = datetime.datetime.utcnow()\n>       assert date_of_update == current_date\nE       AssertionError: assert '2024-09-30T12:40:15.438Z' == datetime.datetime(2024, 9, 30, 12, 40, 15, 572699)\n\ntests\\update_user_data.py:45: AssertionError"}, "start": 1727700014985, "stop": 1727700015573, "uuid": "07ec6763-0422-4879-9ea6-7d48d8b2fc6c", "historyId": "d81e398c538d95da68c45f2dfe33906a", "testCaseId": "d81e398c538d95da68c45f2dfe33906a", "fullName": "tests.update_user_data#test_update_user_job_patch", "labels": [{"name": "parentSuite", "value": "tests"}, {"name": "suite", "value": "update_user_data"}, {"name": "host", "value": "Jane"}, {"name": "thread", "value": "6020-MainThread"}, {"name": "framework", "value": "pytest"}, {"name": "language", "value": "cpython3"}, {"name": "package", "value": "tests.update_user_data"}]}