{"name": "test_create_user", "status": "failed", "statusDetails": {"message": "AssertionError: assert 201 == 200\n +  where 201 = <Response [201 Created]>.status_code", "trace": "def test_create_user():\n        body = {\n            \"name\": \"morpheus\",\n            \"job\": \"leader\"\n        }\n        response = httpx.post(BASE_URL + CREATE_USER, json=body)\n>       assert response.status_code == 200\nE       assert 201 == 200\nE        +  where 201 = <Response [201 Created]>.status_code\n\ntests\\test_work_with_user_data.py:13: AssertionError"}, "start": 1727269746368, "stop": 1727269747392, "uuid": "404d0df4-dc09-462a-b127-3e91dda77272", "historyId": "dfb3373b0441451fbf3ef32cb0efdb69", "testCaseId": "dfb3373b0441451fbf3ef32cb0efdb69", "fullName": "tests.test_work_with_user_data#test_create_user", "labels": [{"name": "parentSuite", "value": "tests"}, {"name": "suite", "value": "test_work_with_user_data"}, {"name": "host", "value": "Jane"}, {"name": "thread", "value": "7216-MainThread"}, {"name": "framework", "value": "pytest"}, {"name": "language", "value": "cpython3"}, {"name": "package", "value": "tests.test_work_with_user_data"}]}