{"name": "test_register_unsuccessful", "status": "failed", "statusDetails": {"message": "AssertionError: assert 400 == 401\n +  where 400 = <Response [400 Bad Request]>.status_code", "trace": "def test_register_unsuccessful():\n    \n        body = {\n        \"email\": \"sydney@fife\"\n    }\n        response = httpx.post(BASE_URL + REGISTER_USER, json=body)\n>       assert response.status_code == 401\nE       assert 400 == 401\nE        +  where 400 = <Response [400 Bad Request]>.status_code\n\ntests\\test_register_and_login.py:34: AssertionError"}, "start": 1729114305494, "stop": 1729114307306, "uuid": "ec655fb9-bb6c-40a5-a269-559c4b1868ec", "historyId": "7f0576e17151ce366d6bced7fbb5b1b2", "testCaseId": "7f0576e17151ce366d6bced7fbb5b1b2", "fullName": "tests.test_register_and_login#test_register_unsuccessful", "labels": [{"name": "parentSuite", "value": "tests"}, {"name": "suite", "value": "test_register_and_login"}, {"name": "host", "value": "Jane"}, {"name": "thread", "value": "9324-MainThread"}, {"name": "framework", "value": "pytest"}, {"name": "language", "value": "cpython3"}, {"name": "package", "value": "tests.test_register_and_login"}]}