{"name": "test_create_user", "status": "failed", "statusDetails": {"message": "AssertionError: assert '2024-09-25 13:32:27.721Z' == '2024-09-25 13:32:27.666448'\n  \n  - 2024-09-25 13:32:27.666448\n  ?                     ^^^^^^\n  + 2024-09-25 13:32:27.721Z\n  ?                     ^^^^", "trace": "def test_create_user():\n        body = {\n            \"name\": \"morpheus\",\n            \"job\": \"leader\"\n        }\n        response = httpx.post(BASE_URL + CREATE_USER, json=body)\n        assert response.status_code == 201\n    \n        response_json = response.json()\n        creation_date = response_json['createdAt'].replace('T', ' ')\n        current_date = str(datetime.datetime.utcnow())\n>       assert creation_date == current_date\nE       AssertionError: assert '2024-09-25 13:32:27.721Z' == '2024-09-25 13:32:27.666448'\nE         \nE         - 2024-09-25 13:32:27.666448\nE         ?                     ^^^^^^\nE         + 2024-09-25 13:32:27.721Z\nE         ?                     ^^^^\n\ntests\\test_work_with_user_data.py:20: AssertionError"}, "start": 1727271147053, "stop": 1727271147668, "uuid": "566adb17-c56a-4b32-8ed5-48663b50df71", "historyId": "dfb3373b0441451fbf3ef32cb0efdb69", "testCaseId": "dfb3373b0441451fbf3ef32cb0efdb69", "fullName": "tests.test_work_with_user_data#test_create_user", "labels": [{"name": "parentSuite", "value": "tests"}, {"name": "suite", "value": "test_work_with_user_data"}, {"name": "host", "value": "Jane"}, {"name": "thread", "value": "14548-MainThread"}, {"name": "framework", "value": "pytest"}, {"name": "language", "value": "cpython3"}, {"name": "package", "value": "tests.test_work_with_user_data"}]}